2023-11-28 11:07:18,815 - INFO - Skipping inserting movie: "From the Manger to the Cross; or, Jesus of Nazareth" with imdb_id: tt0002199 because of the invalid format
2023-11-28 11:07:19,156 - INFO - Skipping inserting movie: "Cabiria" with imdb_id: tt0003740 because of the invalid format
2023-11-28 11:07:20,337 - INFO - Skipping inserting movie: "Otets Sergiy" with imdb_id: tt0008395 because of the invalid format
2023-11-28 11:07:21,900 - INFO - Skipping inserting movie: "Der Klosterjäger" with imdb_id: tt0011369 because of the invalid format
2023-11-28 11:07:22,249 - INFO - Skipping inserting movie: "Von morgens bis mitternachts" with imdb_id: tt0011833 because of the invalid format
2023-11-28 11:07:22,566 - INFO - Skipping inserting movie: "Das indische Grabmal zweiter Teil - Der Tiger von Eschnapur" with imdb_id: tt0012313 because of the invalid format
2023-11-28 11:07:22,567 - INFO - Skipping inserting movie: "Das indische Grabmal erster Teil - Die Sendung des Yoghi" with imdb_id: tt0012314 because of the invalid format
2023-11-28 11:07:22,742 - INFO - Skipping inserting movie: "Orphans of the Storm" with imdb_id: tt0012532 because of the invalid format
2023-11-28 11:07:23,963 - INFO - Skipping inserting movie: "Der Schatz" with imdb_id: tt0014446 because of the invalid format
2023-11-28 11:07:24,081 - INFO - Skipping inserting movie: "Das Wachsfigurenkabinett" with imdb_id: tt0014586 because of the invalid format
2023-11-28 11:07:24,626 - INFO - Skipping inserting movie: "Die Nibelungen: Siegfried" with imdb_id: tt0015175 because of the invalid format
2023-11-28 11:07:24,875 - INFO - Skipping inserting movie: "Die Abenteuer des Prinzen Achmed" with imdb_id: tt0015532 because of the invalid format
2023-11-28 11:07:24,875 - INFO - Skipping inserting movie: "The Big Parade" with imdb_id: tt0015624 because of the invalid format
2023-11-28 11:07:25,849 - INFO - Skipping inserting movie: "Visages d'enfants" with imdb_id: tt0016491 because of the invalid format
2023-11-28 11:07:26,687 - INFO - Skipping inserting movie: "Namus" with imdb_id: tt0017195 because of the invalid format
2023-11-28 11:07:26,956 - INFO - Skipping inserting movie: "Sparrows" with imdb_id: tt0017423 because of the invalid format
2023-11-28 11:07:27,257 - INFO - Skipping inserting movie: "Casanova" with imdb_id: tt0017736 because of the invalid format
2023-11-28 11:07:27,451 - INFO - Skipping inserting movie: "La glace à trois faces" with imdb_id: tt0017938 because of the invalid format
2023-11-28 11:07:27,595 - INFO - Skipping inserting movie: "The King of Kings" with imdb_id: tt0018054 because of the invalid format
2023-11-28 11:07:27,941 - INFO - Skipping inserting movie: "The Scar of Shame" with imdb_id: tt0018362 because of the invalid format
2023-11-28 11:07:28,133 - INFO - Skipping inserting movie: "Tretya meshchanskaya" with imdb_id: tt0018505 because of the invalid format
2023-11-28 11:07:28,358 - INFO - Skipping inserting movie: "The Battle of the Sexes" with imdb_id: tt0018678 because of the invalid format
2023-11-28 11:07:28,773 - INFO - Skipping inserting movie: "Geschlecht in Fesseln" with imdb_id: tt0018935 because of the invalid format
2023-11-28 11:07:30,875 - INFO - Skipping inserting movie: "Monte Cristo" with imdb_id: tt0020182 because of the invalid format
2023-11-28 11:07:30,959 - INFO - Skipping inserting movie: "Novyy Vavilon" with imdb_id: tt0020230 because of the invalid format
2023-11-28 17:22:07,906 - DEBUG - Starting new HTTPS connection (1): api.themoviedb.org:443
2023-11-28 17:22:09,409 - DEBUG - https://api.themoviedb.org:443 "GET /3/discover/movie?include_adult=false&include_video=false&language=en-US&page=1&sort_by=popularity.desc HTTP/1.1" 200 None
2023-11-28 17:22:09,915 - DEBUG - Starting new HTTPS connection (1): api.themoviedb.org:443
2023-11-28 17:22:10,266 - DEBUG - https://api.themoviedb.org:443 "GET /3/movie/901362?language=en-US HTTP/1.1" 200 None
2023-11-28 17:22:10,800 - DEBUG - Starting new HTTPS connection (1): api.themoviedb.org:443
2023-11-28 17:22:12,953 - DEBUG - https://api.themoviedb.org:443 "GET /3/movie/872585?language=en-US HTTP/1.1" 200 None
2024-01-08 17:49:13,405 - DEBUG - Starting new HTTPS connection (1): api.themoviedb.org:443
2024-01-08 17:49:13,802 - DEBUG - https://api.themoviedb.org:443 "GET /3/discover/movie?include_adult=false&include_video=false&language=en-US&page=1&sort_by=popularity.desc HTTP/1.1" 200 None
2024-01-08 17:49:14,308 - DEBUG - Starting new HTTPS connection (1): api.themoviedb.org:443
2024-01-08 17:49:14,606 - DEBUG - https://api.themoviedb.org:443 "GET /3/movie/1029575?language=en-US HTTP/1.1" 200 None
2024-01-08 17:49:15,137 - DEBUG - Starting new HTTPS connection (1): api.themoviedb.org:443
2024-01-08 17:49:15,435 - DEBUG - https://api.themoviedb.org:443 "GET /3/movie/848326?language=en-US HTTP/1.1" 200 None
2024-01-08 17:49:15,962 - DEBUG - Starting new HTTPS connection (1): api.themoviedb.org:443
2024-01-08 17:49:16,248 - DEBUG - https://api.themoviedb.org:443 "GET /3/movie/695721?language=en-US HTTP/1.1" 200 None
2024-01-08 17:49:16,778 - DEBUG - Starting new HTTPS connection (1): api.themoviedb.org:443
2024-01-08 17:49:17,210 - DEBUG - https://api.themoviedb.org:443 "GET /3/movie/891699?language=en-US HTTP/1.1" 200 None
2024-01-08 17:49:17,740 - DEBUG - Starting new HTTPS connection (1): api.themoviedb.org:443
2024-01-08 17:49:18,111 - DEBUG - https://api.themoviedb.org:443 "GET /3/movie/572802?language=en-US HTTP/1.1" 200 None
2024-01-08 17:49:18,639 - DEBUG - Starting new HTTPS connection (1): api.themoviedb.org:443
2024-01-08 17:49:18,932 - DEBUG - https://api.themoviedb.org:443 "GET /3/movie/1071215?language=en-US HTTP/1.1" 200 None
2024-01-08 17:49:19,460 - DEBUG - Starting new HTTPS connection (1): api.themoviedb.org:443
2024-01-08 17:49:19,773 - DEBUG - https://api.themoviedb.org:443 "GET /3/movie/1131755?language=en-US HTTP/1.1" 200 None
2024-01-08 17:49:20,304 - DEBUG - Starting new HTTPS connection (1): api.themoviedb.org:443
2024-01-08 17:49:20,601 - DEBUG - https://api.themoviedb.org:443 "GET /3/movie/507089?language=en-US HTTP/1.1" 200 None
2024-01-08 17:49:21,131 - DEBUG - Starting new HTTPS connection (1): api.themoviedb.org:443
2024-01-08 17:49:21,426 - DEBUG - https://api.themoviedb.org:443 "GET /3/movie/1143183?language=en-US HTTP/1.1" 200 None
2024-01-08 17:49:21,954 - DEBUG - Starting new HTTPS connection (1): api.themoviedb.org:443
2024-01-08 17:49:22,261 - DEBUG - https://api.themoviedb.org:443 "GET /3/movie/787699?language=en-US HTTP/1.1" 200 None
2024-01-08 17:49:22,790 - DEBUG - Starting new HTTPS connection (1): api.themoviedb.org:443
2024-01-08 17:49:23,131 - DEBUG - https://api.themoviedb.org:443 "GET /3/movie/844416?language=en-US HTTP/1.1" 200 None
2024-01-08 17:49:23,660 - DEBUG - Starting new HTTPS connection (1): api.themoviedb.org:443
2024-01-08 17:49:23,965 - DEBUG - https://api.themoviedb.org:443 "GET /3/movie/897087?language=en-US HTTP/1.1" 200 None
2024-01-08 17:49:24,495 - DEBUG - Starting new HTTPS connection (1): api.themoviedb.org:443
2024-01-08 17:49:24,790 - DEBUG - https://api.themoviedb.org:443 "GET /3/movie/1035982?language=en-US HTTP/1.1" 200 None
2024-01-08 17:49:25,317 - DEBUG - Starting new HTTPS connection (1): api.themoviedb.org:443
2024-01-08 17:49:25,610 - DEBUG - https://api.themoviedb.org:443 "GET /3/movie/299054?language=en-US HTTP/1.1" 200 None
2024-01-08 17:49:26,137 - DEBUG - Starting new HTTPS connection (1): api.themoviedb.org:443
2024-01-08 17:49:26,429 - DEBUG - https://api.themoviedb.org:443 "GET /3/movie/670292?language=en-US HTTP/1.1" 200 None
2024-01-08 17:49:26,958 - DEBUG - Starting new HTTPS connection (1): api.themoviedb.org:443
2024-01-08 17:49:27,247 - DEBUG - https://api.themoviedb.org:443 "GET /3/movie/872585?language=en-US HTTP/1.1" 200 None
2024-01-08 17:49:27,776 - DEBUG - Starting new HTTPS connection (1): api.themoviedb.org:443
2024-01-08 17:49:28,076 - DEBUG - https://api.themoviedb.org:443 "GET /3/movie/807172?language=en-US HTTP/1.1" 200 None
2024-01-08 17:49:28,607 - DEBUG - Starting new HTTPS connection (1): api.themoviedb.org:443
2024-01-08 17:49:28,932 - DEBUG - https://api.themoviedb.org:443 "GET /3/movie/901362?language=en-US HTTP/1.1" 200 None
2024-01-08 17:49:29,462 - DEBUG - Starting new HTTPS connection (1): api.themoviedb.org:443
2024-01-08 17:49:29,788 - DEBUG - https://api.themoviedb.org:443 "GET /3/movie/1075794?language=en-US HTTP/1.1" 200 None
2024-01-08 17:49:30,320 - DEBUG - Starting new HTTPS connection (1): api.themoviedb.org:443
2024-01-08 17:49:30,632 - DEBUG - https://api.themoviedb.org:443 "GET /3/movie/975902?language=en-US HTTP/1.1" 200 None
2024-01-08 17:49:30,663 - DEBUG - Starting new HTTPS connection (1): api.themoviedb.org:443
2024-01-08 17:49:30,960 - DEBUG - https://api.themoviedb.org:443 "GET /3/discover/movie?include_adult=false&include_video=false&language=en-US&page=2&sort_by=popularity.desc HTTP/1.1" 200 None
2024-01-08 17:49:31,466 - DEBUG - Starting new HTTPS connection (1): api.themoviedb.org:443
2024-01-08 17:49:31,772 - DEBUG - https://api.themoviedb.org:443 "GET /3/movie/906126?language=en-US HTTP/1.1" 200 None
2024-01-08 17:49:32,300 - DEBUG - Starting new HTTPS connection (1): api.themoviedb.org:443
2024-01-08 17:49:32,608 - DEBUG - https://api.themoviedb.org:443 "GET /3/movie/1034062?language=en-US HTTP/1.1" 200 None
2024-01-08 17:49:33,138 - DEBUG - Starting new HTTPS connection (1): api.themoviedb.org:443
2024-01-08 17:49:33,470 - DEBUG - https://api.themoviedb.org:443 "GET /3/movie/1189927?language=en-US HTTP/1.1" 200 None
2024-01-08 17:49:33,998 - DEBUG - Starting new HTTPS connection (1): api.themoviedb.org:443
2024-01-08 17:49:34,298 - DEBUG - https://api.themoviedb.org:443 "GET /3/movie/853387?language=en-US HTTP/1.1" 200 None
2024-01-08 17:49:34,829 - DEBUG - Starting new HTTPS connection (1): api.themoviedb.org:443
2024-01-08 17:49:35,136 - DEBUG - https://api.themoviedb.org:443 "GET /3/movie/1053592?language=en-US HTTP/1.1" 200 None
2024-01-08 17:49:35,664 - DEBUG - Starting new HTTPS connection (1): api.themoviedb.org:443
2024-01-08 17:49:36,150 - DEBUG - https://api.themoviedb.org:443 "GET /3/movie/502356?language=en-US HTTP/1.1" 200 None
2024-01-08 17:49:36,676 - DEBUG - Starting new HTTPS connection (1): api.themoviedb.org:443
2024-01-08 17:49:37,311 - DEBUG - https://api.themoviedb.org:443 "GET /3/movie/520758?language=en-US HTTP/1.1" 200 None
2024-01-08 17:49:37,844 - DEBUG - Starting new HTTPS connection (1): api.themoviedb.org:443
2024-01-08 17:49:38,210 - DEBUG - https://api.themoviedb.org:443 "GET /3/movie/517929?language=en-US HTTP/1.1" 200 None
2024-01-08 17:49:38,736 - DEBUG - Starting new HTTPS connection (1): api.themoviedb.org:443
2024-01-08 17:49:39,043 - DEBUG - https://api.themoviedb.org:443 "GET /3/movie/1151534?language=en-US HTTP/1.1" 200 None
2024-01-08 17:49:39,574 - DEBUG - Starting new HTTPS connection (1): api.themoviedb.org:443
2024-01-08 17:49:39,892 - DEBUG - https://api.themoviedb.org:443 "GET /3/movie/385687?language=en-US HTTP/1.1" 200 None
2024-01-08 17:49:40,419 - DEBUG - Starting new HTTPS connection (1): api.themoviedb.org:443
2024-01-08 17:49:40,701 - DEBUG - https://api.themoviedb.org:443 "GET /3/movie/940721?language=en-US HTTP/1.1" 200 None
2024-01-08 17:49:41,232 - DEBUG - Starting new HTTPS connection (1): api.themoviedb.org:443
2024-01-08 17:49:41,552 - DEBUG - https://api.themoviedb.org:443 "GET /3/movie/603692?language=en-US HTTP/1.1" 200 None
2024-01-08 17:49:42,084 - DEBUG - Starting new HTTPS connection (1): api.themoviedb.org:443
2024-01-08 17:49:42,624 - DEBUG - https://api.themoviedb.org:443 "GET /3/movie/939335?language=en-US HTTP/1.1" 200 None
2024-01-08 17:49:43,155 - DEBUG - Starting new HTTPS connection (1): api.themoviedb.org:443
2024-01-08 17:49:43,639 - DEBUG - https://api.themoviedb.org:443 "GET /3/movie/667538?language=en-US HTTP/1.1" 200 None
2024-01-08 17:49:44,170 - DEBUG - Starting new HTTPS connection (1): api.themoviedb.org:443
2024-01-08 17:49:44,473 - DEBUG - https://api.themoviedb.org:443 "GET /3/movie/1008042?language=en-US HTTP/1.1" 200 None
2024-01-08 17:49:45,007 - DEBUG - Starting new HTTPS connection (1): api.themoviedb.org:443
2024-01-08 17:49:45,301 - DEBUG - https://api.themoviedb.org:443 "GET /3/movie/940551?language=en-US HTTP/1.1" 200 None
2024-01-08 17:49:45,831 - DEBUG - Starting new HTTPS connection (1): api.themoviedb.org:443
2024-01-08 17:49:46,149 - DEBUG - https://api.themoviedb.org:443 "GET /3/movie/926393?language=en-US HTTP/1.1" 200 None
2024-01-08 17:49:46,682 - DEBUG - Starting new HTTPS connection (1): api.themoviedb.org:443
2024-01-08 17:49:47,224 - DEBUG - https://api.themoviedb.org:443 "GET /3/movie/945937?language=en-US HTTP/1.1" 200 None
2024-01-08 17:49:47,752 - DEBUG - Starting new HTTPS connection (1): api.themoviedb.org:443
2024-01-08 17:49:48,353 - DEBUG - https://api.themoviedb.org:443 "GET /3/movie/937249?language=en-US HTTP/1.1" 200 None
2024-01-08 17:49:48,887 - DEBUG - Starting new HTTPS connection (1): api.themoviedb.org:443
2024-01-08 17:49:49,182 - DEBUG - https://api.themoviedb.org:443 "GET /3/movie/466420?language=en-US HTTP/1.1" 200 None
2024-01-08 17:49:49,212 - DEBUG - Starting new HTTPS connection (1): api.themoviedb.org:443
2024-01-08 17:49:49,510 - DEBUG - https://api.themoviedb.org:443 "GET /3/discover/movie?include_adult=false&include_video=false&language=en-US&page=3&sort_by=popularity.desc HTTP/1.1" 200 None
2024-01-08 17:49:50,016 - DEBUG - Starting new HTTPS connection (1): api.themoviedb.org:443
2024-01-08 17:49:50,313 - DEBUG - https://api.themoviedb.org:443 "GET /3/movie/930564?language=en-US HTTP/1.1" 200 None
2024-01-08 17:49:50,831 - DEBUG - Starting new HTTPS connection (1): api.themoviedb.org:443
2024-01-08 17:49:51,129 - DEBUG - https://api.themoviedb.org:443 "GET /3/movie/615656?language=en-US HTTP/1.1" 200 None
2024-01-08 17:49:51,663 - DEBUG - Starting new HTTPS connection (1): api.themoviedb.org:443
2024-01-08 17:49:52,003 - DEBUG - https://api.themoviedb.org:443 "GET /3/movie/1178734?language=en-US HTTP/1.1" 200 None
2024-01-08 17:49:52,537 - DEBUG - Starting new HTTPS connection (1): api.themoviedb.org:443
2024-01-08 17:49:52,859 - DEBUG - https://api.themoviedb.org:443 "GET /3/movie/346698?language=en-US HTTP/1.1" 200 None
2024-01-08 17:49:53,395 - DEBUG - Starting new HTTPS connection (1): api.themoviedb.org:443
2024-01-08 17:49:53,705 - DEBUG - https://api.themoviedb.org:443 "GET /3/movie/976573?language=en-US HTTP/1.1" 200 None
2024-01-08 17:49:54,232 - DEBUG - Starting new HTTPS connection (1): api.themoviedb.org:443
2024-01-08 17:49:54,521 - DEBUG - https://api.themoviedb.org:443 "GET /3/movie/569094?language=en-US HTTP/1.1" 200 None
2024-01-08 17:49:55,054 - DEBUG - Starting new HTTPS connection (1): api.themoviedb.org:443
2024-01-08 17:49:55,357 - DEBUG - https://api.themoviedb.org:443 "GET /3/movie/1010581?language=en-US HTTP/1.1" 200 None
2024-01-08 17:49:55,891 - DEBUG - Starting new HTTPS connection (1): api.themoviedb.org:443
2024-01-08 17:49:56,196 - DEBUG - https://api.themoviedb.org:443 "GET /3/movie/961268?language=en-US HTTP/1.1" 200 None
2024-01-08 17:49:56,734 - DEBUG - Starting new HTTPS connection (1): api.themoviedb.org:443
2024-01-08 17:49:57,053 - DEBUG - https://api.themoviedb.org:443 "GET /3/movie/678512?language=en-US HTTP/1.1" 200 None
2024-01-08 17:49:57,587 - DEBUG - Starting new HTTPS connection (1): api.themoviedb.org:443
2024-01-08 17:49:57,948 - DEBUG - https://api.themoviedb.org:443 "GET /3/movie/951491?language=en-US HTTP/1.1" 200 None
2024-01-08 17:49:58,527 - DEBUG - Starting new HTTPS connection (1): api.themoviedb.org:443
2024-01-08 17:49:58,989 - DEBUG - https://api.themoviedb.org:443 "GET /3/movie/298618?language=en-US HTTP/1.1" 200 None
2024-01-08 17:49:59,513 - DEBUG - Starting new HTTPS connection (1): api.themoviedb.org:443
2024-01-08 17:49:59,807 - DEBUG - https://api.themoviedb.org:443 "GET /3/movie/762430?language=en-US HTTP/1.1" 200 None
2024-01-08 17:50:00,343 - DEBUG - Starting new HTTPS connection (1): api.themoviedb.org:443
2024-01-08 17:50:00,865 - DEBUG - https://api.themoviedb.org:443 "GET /3/movie/76600?language=en-US HTTP/1.1" 200 None
2024-01-08 17:50:01,398 - DEBUG - Starting new HTTPS connection (1): api.themoviedb.org:443
2024-01-08 17:50:01,727 - DEBUG - https://api.themoviedb.org:443 "GET /3/movie/968051?language=en-US HTTP/1.1" 200 None
2024-01-08 17:50:02,255 - DEBUG - Starting new HTTPS connection (1): api.themoviedb.org:443
2024-01-08 17:50:02,913 - DEBUG - https://api.themoviedb.org:443 "GET /3/movie/1022796?language=en-US HTTP/1.1" 200 None
2024-01-08 17:50:03,447 - DEBUG - Starting new HTTPS connection (1): api.themoviedb.org:443
2024-01-08 17:50:03,826 - DEBUG - https://api.themoviedb.org:443 "GET /3/movie/1161048?language=en-US HTTP/1.1" 200 None
2024-01-08 17:50:04,359 - DEBUG - Starting new HTTPS connection (1): api.themoviedb.org:443
2024-01-08 17:50:04,657 - DEBUG - https://api.themoviedb.org:443 "GET /3/movie/870358?language=en-US HTTP/1.1" 200 None
2024-01-08 17:50:05,192 - DEBUG - Starting new HTTPS connection (1): api.themoviedb.org:443
2024-01-08 17:50:05,496 - DEBUG - https://api.themoviedb.org:443 "GET /3/movie/726209?language=en-US HTTP/1.1" 200 None
2024-01-08 17:50:06,028 - DEBUG - Starting new HTTPS connection (1): api.themoviedb.org:443
2024-01-08 17:50:06,341 - DEBUG - https://api.themoviedb.org:443 "GET /3/movie/575264?language=en-US HTTP/1.1" 200 None
2024-01-08 17:50:06,866 - DEBUG - Starting new HTTPS connection (1): api.themoviedb.org:443
2024-01-08 17:50:07,185 - DEBUG - https://api.themoviedb.org:443 "GET /3/movie/635910?language=en-US HTTP/1.1" 200 None
2024-01-08 17:50:07,217 - DEBUG - Starting new HTTPS connection (1): api.themoviedb.org:443
2024-01-08 17:50:07,506 - DEBUG - https://api.themoviedb.org:443 "GET /3/discover/movie?include_adult=false&include_video=false&language=en-US&page=4&sort_by=popularity.desc HTTP/1.1" 200 None
2024-01-08 17:50:08,013 - DEBUG - Starting new HTTPS connection (1): api.themoviedb.org:443
2024-01-08 17:50:08,329 - DEBUG - https://api.themoviedb.org:443 "GET /3/movie/353491?language=en-US HTTP/1.1" 200 None
2024-01-08 17:50:08,863 - DEBUG - Starting new HTTPS connection (1): api.themoviedb.org:443
2024-01-08 17:50:09,164 - DEBUG - https://api.themoviedb.org:443 "GET /3/movie/980489?language=en-US HTTP/1.1" 200 None
2024-01-08 17:50:09,696 - DEBUG - Starting new HTTPS connection (1): api.themoviedb.org:443
2024-01-08 17:50:09,986 - DEBUG - https://api.themoviedb.org:443 "GET /3/movie/315162?language=en-US HTTP/1.1" 200 None
2024-01-08 17:50:10,518 - DEBUG - Starting new HTTPS connection (1): api.themoviedb.org:443
2024-01-08 17:50:10,818 - DEBUG - https://api.themoviedb.org:443 "GET /3/movie/609681?language=en-US HTTP/1.1" 200 None
2024-01-08 17:50:11,354 - DEBUG - Starting new HTTPS connection (1): api.themoviedb.org:443
2024-01-08 17:50:11,794 - DEBUG - https://api.themoviedb.org:443 "GET /3/movie/1157049?language=en-US HTTP/1.1" 200 None
2024-01-08 17:50:12,324 - DEBUG - Starting new HTTPS connection (1): api.themoviedb.org:443
2024-01-08 17:50:12,628 - DEBUG - https://api.themoviedb.org:443 "GET /3/movie/893723?language=en-US HTTP/1.1" 200 None
2024-01-08 17:50:13,164 - DEBUG - Starting new HTTPS connection (1): api.themoviedb.org:443
2024-01-08 17:50:13,470 - DEBUG - https://api.themoviedb.org:443 "GET /3/movie/565770?language=en-US HTTP/1.1" 200 None
2024-01-08 17:50:14,007 - DEBUG - Starting new HTTPS connection (1): api.themoviedb.org:443
2024-01-08 17:50:14,375 - DEBUG - https://api.themoviedb.org:443 "GET /3/movie/335977?language=en-US HTTP/1.1" 200 None
2024-01-08 17:50:14,909 - DEBUG - Starting new HTTPS connection (1): api.themoviedb.org:443
2024-01-08 17:50:15,221 - DEBUG - https://api.themoviedb.org:443 "GET /3/movie/297802?language=en-US HTTP/1.1" 200 None
2024-01-08 17:50:15,752 - DEBUG - Starting new HTTPS connection (1): api.themoviedb.org:443
2024-01-08 17:50:16,053 - DEBUG - https://api.themoviedb.org:443 "GET /3/movie/899445?language=en-US HTTP/1.1" 200 None
2024-01-08 17:50:16,591 - DEBUG - Starting new HTTPS connection (1): api.themoviedb.org:443
2024-01-08 17:50:16,895 - DEBUG - https://api.themoviedb.org:443 "GET /3/movie/1046032?language=en-US HTTP/1.1" 200 None
2024-01-08 17:50:17,425 - DEBUG - Starting new HTTPS connection (1): api.themoviedb.org:443
2024-01-08 17:50:17,746 - DEBUG - https://api.themoviedb.org:443 "GET /3/movie/634649?language=en-US HTTP/1.1" 200 None
2024-01-08 17:50:18,282 - DEBUG - Starting new HTTPS connection (1): api.themoviedb.org:443
2024-01-08 17:50:18,769 - DEBUG - https://api.themoviedb.org:443 "GET /3/movie/1186957?language=en-US HTTP/1.1" 200 None
2024-01-08 17:50:19,304 - DEBUG - Starting new HTTPS connection (1): api.themoviedb.org:443
2024-01-08 17:50:19,610 - DEBUG - https://api.themoviedb.org:443 "GET /3/movie/1075175?language=en-US HTTP/1.1" 200 None
2024-01-08 17:50:20,142 - DEBUG - Starting new HTTPS connection (1): api.themoviedb.org:443
2024-01-08 17:50:20,468 - DEBUG - https://api.themoviedb.org:443 "GET /3/movie/820609?language=en-US HTTP/1.1" 200 None
2024-01-08 17:50:21,001 - DEBUG - Starting new HTTPS connection (1): api.themoviedb.org:443
2024-01-08 17:50:21,331 - DEBUG - https://api.themoviedb.org:443 "GET /3/movie/1060090?language=en-US HTTP/1.1" 200 None
2024-01-08 17:50:21,858 - DEBUG - Starting new HTTPS connection (1): api.themoviedb.org:443
2024-01-08 17:50:22,170 - DEBUG - https://api.themoviedb.org:443 "GET /3/movie/843380?language=en-US HTTP/1.1" 200 None
2024-01-08 17:50:22,700 - DEBUG - Starting new HTTPS connection (1): api.themoviedb.org:443
2024-01-08 17:50:22,993 - DEBUG - https://api.themoviedb.org:443 "GET /3/movie/968868?language=en-US HTTP/1.1" 200 None
2024-01-08 17:50:23,532 - DEBUG - Starting new HTTPS connection (1): api.themoviedb.org:443
2024-01-08 17:50:23,838 - DEBUG - https://api.themoviedb.org:443 "GET /3/movie/798141?language=en-US HTTP/1.1" 200 None
2024-01-08 17:50:24,373 - DEBUG - Starting new HTTPS connection (1): api.themoviedb.org:443
2024-01-08 17:50:24,675 - DEBUG - https://api.themoviedb.org:443 "GET /3/movie/872906?language=en-US HTTP/1.1" 200 None
2024-01-08 17:50:24,705 - DEBUG - Starting new HTTPS connection (1): api.themoviedb.org:443
2024-01-08 17:50:25,001 - DEBUG - https://api.themoviedb.org:443 "GET /3/discover/movie?include_adult=false&include_video=false&language=en-US&page=5&sort_by=popularity.desc HTTP/1.1" 200 None
2024-01-08 17:50:25,505 - DEBUG - Starting new HTTPS connection (1): api.themoviedb.org:443
2024-01-08 17:50:25,917 - DEBUG - https://api.themoviedb.org:443 "GET /3/movie/818511?language=en-US HTTP/1.1" 200 None
2024-01-08 17:50:26,452 - DEBUG - Starting new HTTPS connection (1): api.themoviedb.org:443
2024-01-08 17:50:26,758 - DEBUG - https://api.themoviedb.org:443 "GET /3/movie/958263?language=en-US HTTP/1.1" 200 None
2024-01-08 17:50:27,295 - DEBUG - Starting new HTTPS connection (1): api.themoviedb.org:443
2024-01-08 17:50:27,604 - DEBUG - https://api.themoviedb.org:443 "GET /3/movie/753342?language=en-US HTTP/1.1" 200 None
2024-01-08 17:50:28,137 - DEBUG - Starting new HTTPS connection (1): api.themoviedb.org:443
2024-01-08 17:50:28,649 - DEBUG - https://api.themoviedb.org:443 "GET /3/movie/842675?language=en-US HTTP/1.1" 200 None
2024-01-08 17:50:29,189 - DEBUG - Starting new HTTPS connection (1): api.themoviedb.org:443
2024-01-08 17:50:29,522 - DEBUG - https://api.themoviedb.org:443 "GET /3/movie/447365?language=en-US HTTP/1.1" 200 None
2024-01-08 17:50:30,056 - DEBUG - Starting new HTTPS connection (1): api.themoviedb.org:443
2024-01-08 17:50:30,363 - DEBUG - https://api.themoviedb.org:443 "GET /3/movie/820525?language=en-US HTTP/1.1" 200 None
2024-01-08 17:50:30,897 - DEBUG - Starting new HTTPS connection (1): api.themoviedb.org:443
2024-01-08 17:50:31,204 - DEBUG - https://api.themoviedb.org:443 "GET /3/movie/1123093?language=en-US HTTP/1.1" 200 None
2024-01-08 17:50:31,747 - DEBUG - Starting new HTTPS connection (1): api.themoviedb.org:443
2024-01-08 17:50:32,046 - DEBUG - https://api.themoviedb.org:443 "GET /3/movie/436270?language=en-US HTTP/1.1" 200 None
2024-01-08 17:50:32,582 - DEBUG - Starting new HTTPS connection (1): api.themoviedb.org:443
2024-01-08 17:50:32,950 - DEBUG - https://api.themoviedb.org:443 "GET /3/movie/447277?language=en-US HTTP/1.1" 200 None
2024-01-08 17:50:33,485 - DEBUG - Starting new HTTPS connection (1): api.themoviedb.org:443
2024-01-08 17:50:33,821 - DEBUG - https://api.themoviedb.org:443 "GET /3/movie/1076364?language=en-US HTTP/1.1" 200 None
2024-01-08 17:50:34,358 - DEBUG - Starting new HTTPS connection (1): api.themoviedb.org:443
2024-01-08 17:50:34,666 - DEBUG - https://api.themoviedb.org:443 "GET /3/movie/724209?language=en-US HTTP/1.1" 200 None
2024-01-08 17:50:35,199 - DEBUG - Starting new HTTPS connection (1): api.themoviedb.org:443
2024-01-08 17:50:35,656 - DEBUG - https://api.themoviedb.org:443 "GET /3/movie/504148?language=en-US HTTP/1.1" 200 None
2024-01-08 17:50:36,195 - DEBUG - Starting new HTTPS connection (1): api.themoviedb.org:443
2024-01-08 17:50:36,496 - DEBUG - https://api.themoviedb.org:443 "GET /3/movie/1072790?language=en-US HTTP/1.1" 200 None
2024-01-08 17:50:37,029 - DEBUG - Starting new HTTPS connection (1): api.themoviedb.org:443
2024-01-08 17:50:37,335 - DEBUG - https://api.themoviedb.org:443 "GET /3/movie/614930?language=en-US HTTP/1.1" 200 None
2024-01-08 17:50:37,865 - DEBUG - Starting new HTTPS connection (1): api.themoviedb.org:443
2024-01-08 17:50:38,433 - DEBUG - https://api.themoviedb.org:443 "GET /3/movie/1072342?language=en-US HTTP/1.1" 200 None
2024-01-08 17:50:38,966 - DEBUG - Starting new HTTPS connection (1): api.themoviedb.org:443
2024-01-08 17:50:39,357 - DEBUG - https://api.themoviedb.org:443 "GET /3/movie/640146?language=en-US HTTP/1.1" 200 None
2024-01-08 17:50:39,884 - DEBUG - Starting new HTTPS connection (1): api.themoviedb.org:443
2024-01-08 17:50:40,176 - DEBUG - https://api.themoviedb.org:443 "GET /3/movie/645488?language=en-US HTTP/1.1" 200 None
2024-01-08 17:50:40,712 - DEBUG - Starting new HTTPS connection (1): api.themoviedb.org:443
2024-01-08 17:50:41,008 - DEBUG - https://api.themoviedb.org:443 "GET /3/movie/671?language=en-US HTTP/1.1" 200 None
2024-01-08 17:50:41,542 - DEBUG - Starting new HTTPS connection (1): api.themoviedb.org:443
2024-01-08 17:50:41,872 - DEBUG - https://api.themoviedb.org:443 "GET /3/movie/1039690?language=en-US HTTP/1.1" 200 None
2024-01-08 17:50:42,400 - DEBUG - Starting new HTTPS connection (1): api.themoviedb.org:443
2024-01-08 17:50:42,918 - DEBUG - https://api.themoviedb.org:443 "GET /3/movie/399566?language=en-US HTTP/1.1" 200 None
2024-01-08 17:50:42,948 - DEBUG - Starting new HTTPS connection (1): api.themoviedb.org:443
2024-01-08 17:50:43,239 - DEBUG - https://api.themoviedb.org:443 "GET /3/discover/movie?include_adult=false&include_video=false&language=en-US&page=6&sort_by=popularity.desc HTTP/1.1" 200 None
2024-01-08 17:50:43,744 - DEBUG - Starting new HTTPS connection (1): api.themoviedb.org:443
2024-01-08 17:50:44,023 - DEBUG - https://api.themoviedb.org:443 "GET /3/movie/677179?language=en-US HTTP/1.1" 200 None
2024-01-08 17:50:44,551 - DEBUG - Starting new HTTPS connection (1): api.themoviedb.org:443
2024-01-08 17:50:45,074 - DEBUG - https://api.themoviedb.org:443 "GET /3/movie/744857?language=en-US HTTP/1.1" 200 None
2024-01-08 17:50:45,608 - DEBUG - Starting new HTTPS connection (1): api.themoviedb.org:443
2024-01-08 17:50:45,901 - DEBUG - https://api.themoviedb.org:443 "GET /3/movie/823464?language=en-US HTTP/1.1" 200 None
2024-01-08 17:50:46,439 - DEBUG - Starting new HTTPS connection (1): api.themoviedb.org:443
2024-01-08 17:50:46,732 - DEBUG - https://api.themoviedb.org:443 "GET /3/movie/1076487?language=en-US HTTP/1.1" 200 None
2024-01-08 17:50:47,263 - DEBUG - Starting new HTTPS connection (1): api.themoviedb.org:443
2024-01-08 17:50:47,686 - DEBUG - https://api.themoviedb.org:443 "GET /3/movie/496450?language=en-US HTTP/1.1" 200 None
2024-01-08 17:50:48,214 - DEBUG - Starting new HTTPS connection (1): api.themoviedb.org:443
2024-01-08 17:50:48,527 - DEBUG - https://api.themoviedb.org:443 "GET /3/movie/1003581?language=en-US HTTP/1.1" 200 None
2024-01-08 17:50:49,060 - DEBUG - Starting new HTTPS connection (1): api.themoviedb.org:443
2024-01-08 17:50:49,481 - DEBUG - https://api.themoviedb.org:443 "GET /3/movie/508883?language=en-US HTTP/1.1" 200 None
2024-01-08 17:50:50,013 - DEBUG - Starting new HTTPS connection (1): api.themoviedb.org:443
2024-01-08 17:50:50,294 - DEBUG - https://api.themoviedb.org:443 "GET /3/movie/675531?language=en-US HTTP/1.1" 200 None
2024-01-08 17:50:50,822 - DEBUG - Starting new HTTPS connection (1): api.themoviedb.org:443
2024-01-08 17:50:51,224 - DEBUG - https://api.themoviedb.org:443 "GET /3/movie/1220655?language=en-US HTTP/1.1" 200 None
2024-01-08 17:50:51,756 - DEBUG - Starting new HTTPS connection (1): api.themoviedb.org:443
2024-01-08 17:50:52,047 - DEBUG - https://api.themoviedb.org:443 "GET /3/movie/150689?language=en-US HTTP/1.1" 200 None
2024-01-08 17:50:52,582 - DEBUG - Starting new HTTPS connection (1): api.themoviedb.org:443
2024-01-08 17:50:52,874 - DEBUG - https://api.themoviedb.org:443 "GET /3/movie/934433?language=en-US HTTP/1.1" 200 None
2024-01-08 17:50:53,406 - DEBUG - Starting new HTTPS connection (1): api.themoviedb.org:443
2024-01-08 17:50:53,700 - DEBUG - https://api.themoviedb.org:443 "GET /3/movie/299536?language=en-US HTTP/1.1" 200 None
2024-01-08 17:50:54,227 - DEBUG - Starting new HTTPS connection (1): api.themoviedb.org:443
2024-01-08 17:50:54,518 - DEBUG - https://api.themoviedb.org:443 "GET /3/movie/1156255?language=en-US HTTP/1.1" 200 None
